{
"src/demo/app/app.component.ts":{"path":"src/demo/app/app.component.ts","statementMap":{"1":{"start":{"line":4,"column":0},"end":{"line":8,"column":22}},"2":{"start":{"line":9,"column":0},"end":{"line":9,"column":40}},"3":{"start":{"line":61,"column":0},"end":{"line":74,"column":0}},"4":{"start":{"line":67,"column":11},"end":{"line":67,"column":29}},"5":{"start":{"line":62,"column":9},"end":{"line":62,"column":65}},"6":{"start":{"line":63,"column":9},"end":{"line":63,"column":44}},"7":{"start":{"line":64,"column":9},"end":{"line":64,"column":50}},"8":{"start":{"line":70,"column":9},"end":{"line":72,"column":3}},"9":{"start":{"line":71,"column":4},"end":{"line":71,"column":58}},"10":{"start":{"line":61,"column":13},"end":{"line":74,"column":1}},"11":{"start":{"line":74,"column":0},"end":{"line":74,"column":1}},"12":{"start":{"line":61,"column":13},"end":{"line":61,"column":25}}},"fnMap":{"1":{"name":"(anonymous_2)","line":61,"loc":{"start":{"line":61,"column":0},"end":{"line":61,"column":-1}}},"2":{"name":"AppComponent","line":67,"loc":{"start":{"line":67,"column":29},"end":{"line":68,"column":6}}},"3":{"name":"(anonymous_4)","line":70,"loc":{"start":{"line":70,"column":2},"end":{"line":72,"column":3}}}},"branchMap":{},"s":{"1":1,"2":1,"3":1,"4":3,"5":3,"6":3,"7":3,"8":1,"9":4,"10":1,"11":1,"12":1},"b":{},"f":{"1":1,"2":3,"3":4},"l":{"4":1,"9":1,"61":1,"62":3,"63":3,"64":3,"67":3,"70":1,"71":4,"74":1}},
"src/demo/app/app.service.ts":{"path":"src/demo/app/app.service.ts","statementMap":{"1":{"start":{"line":1,"column":0},"end":{"line":1,"column":42}},"2":{"start":{"line":8,"column":0},"end":{"line":46,"column":0}},"3":{"start":{"line":10,"column":9},"end":{"line":10,"column":41}},"4":{"start":{"line":15,"column":2},"end":{"line":17,"column":3}},"5":{"start":{"line":16,"column":4},"end":{"line":16,"column":50}},"6":{"start":{"line":22,"column":4},"end":{"line":22,"column":59}},"7":{"start":{"line":25,"column":9},"end":{"line":31,"column":3}},"8":{"start":{"line":29,"column":18},"end":{"line":29,"column":28}},"9":{"start":{"line":30,"column":4},"end":{"line":30,"column":60}},"10":{"start":{"line":33,"column":9},"end":{"line":38,"column":3}},"11":{"start":{"line":37,"column":4},"end":{"line":37,"column":37}},"12":{"start":{"line":40,"column":10},"end":{"line":45,"column":3}},"13":{"start":{"line":44,"column":4},"end":{"line":44,"column":48}},"14":{"start":{"line":8,"column":13},"end":{"line":46,"column":1}},"15":{"start":{"line":46,"column":0},"end":{"line":46,"column":1}},"16":{"start":{"line":8,"column":13},"end":{"line":8,"column":21}}},"fnMap":{"1":{"name":"(anonymous_1)","line":8,"loc":{"start":{"line":8,"column":0},"end":{"line":8,"column":-1}}},"2":{"name":"AppState","line":7,"loc":{"start":{"line":7,"column":0},"end":{"line":46,"column":1}}},"3":{"name":"(anonymous_3)","line":15,"loc":{"start":{"line":15,"column":2},"end":{"line":17,"column":3}}},"4":{"name":"(anonymous_4)","line":21,"loc":{"start":{"line":21,"column":24},"end":{"line":23,"column":3}}},"5":{"name":"(anonymous_5)","line":25,"loc":{"start":{"line":25,"column":23},"end":{"line":31,"column":3}}},"6":{"name":"(anonymous_6)","line":33,"loc":{"start":{"line":33,"column":37},"end":{"line":38,"column":3}}},"7":{"name":"(anonymous_7)","line":40,"loc":{"start":{"line":40,"column":42},"end":{"line":45,"column":3}}}},"branchMap":{"1":{"line":30,"type":"cond-expr","locations":[{"start":{"line":30,"column":40},"end":{"line":30,"column":51}},{"start":{"line":30,"column":54},"end":{"line":30,"column":59}}]}},"s":{"1":1,"2":1,"3":3,"4":1,"5":10,"6":0,"7":1,"8":0,"9":0,"10":1,"11":0,"12":1,"13":10,"14":1,"15":1,"16":1},"b":{"1":[0,0]},"f":{"1":1,"2":3,"3":10,"4":0,"5":0,"6":0,"7":10},"l":{"1":1,"8":1,"10":3,"15":1,"16":10,"22":0,"25":1,"29":0,"30":0,"33":1,"37":0,"40":1,"44":10,"46":1}}}
